<?xml version="1.0" encoding="UTF-8"?>
<coverage generated="1707947281983" clover="3.2.0">
  <project timestamp="1707947281984" name="All files">
    <metrics statements="170" coveredstatements="72" conditionals="38" coveredconditionals="16" methods="76" coveredmethods="14" elements="284" coveredelements="102" complexity="0" loc="170" ncloc="170" packages="17" files="17" classes="17"/>
    <package name="src">
      <metrics statements="10" coveredstatements="3" conditionals="0" coveredconditionals="0" methods="8" coveredmethods="1"/>
      <file name="lib.js" path="/Users/theresebataclan/Desktop/Projects/repertoire/client/src/lib.js">
        <metrics statements="10" coveredstatements="3" conditionals="0" coveredconditionals="0" methods="8" coveredmethods="1"/>
        <line num="1" count="3" type="stmt"/>
        <line num="3" count="3" type="stmt"/>
        <line num="5" count="1" type="stmt"/>
        <line num="8" count="0" type="stmt"/>
        <line num="12" count="0" type="stmt"/>
        <line num="19" count="0" type="stmt"/>
        <line num="25" count="0" type="stmt"/>
        <line num="28" count="0" type="stmt"/>
        <line num="33" count="0" type="stmt"/>
        <line num="41" count="0" type="stmt"/>
      </file>
    </package>
    <package name="src.components.App">
      <metrics statements="37" coveredstatements="18" conditionals="12" coveredconditionals="7" methods="6" coveredmethods="1"/>
      <file name="App.jsx" path="/Users/theresebataclan/Desktop/Projects/repertoire/client/src/components/App/App.jsx">
        <metrics statements="37" coveredstatements="18" conditionals="12" coveredconditionals="7" methods="6" coveredmethods="1"/>
        <line num="10" count="1" type="stmt"/>
        <line num="11" count="6" type="stmt"/>
        <line num="12" count="6" type="stmt"/>
        <line num="13" count="6" type="stmt"/>
        <line num="14" count="6" type="stmt"/>
        <line num="15" count="6" type="stmt"/>
        <line num="16" count="6" type="stmt"/>
        <line num="17" count="6" type="stmt"/>
        <line num="18" count="6" type="stmt"/>
        <line num="19" count="6" type="stmt"/>
        <line num="20" count="6" type="stmt"/>
        <line num="21" count="6" type="stmt"/>
        <line num="22" count="6" type="stmt"/>
        <line num="23" count="6" type="stmt"/>
        <line num="25" count="6" type="stmt"/>
        <line num="26" count="0" type="stmt"/>
        <line num="27" count="0" type="stmt"/>
        <line num="28" count="0" type="stmt"/>
        <line num="29" count="0" type="stmt"/>
        <line num="32" count="6" type="stmt"/>
        <line num="33" count="0" type="cond" truecount="0" falsecount="2"/>
        <line num="34" count="0" type="stmt"/>
        <line num="35" count="0" type="stmt"/>
        <line num="36" count="0" type="stmt"/>
        <line num="40" count="0" type="stmt"/>
        <line num="41" count="0" type="stmt"/>
        <line num="42" count="0" type="cond" truecount="0" falsecount="2"/>
        <line num="43" count="0" type="stmt"/>
        <line num="44" count="0" type="stmt"/>
        <line num="46" count="0" type="stmt"/>
        <line num="47" count="0" type="stmt"/>
        <line num="48" count="0" type="stmt"/>
        <line num="53" count="6" type="stmt"/>
        <line num="54" count="0" type="stmt"/>
        <line num="55" count="0" type="stmt"/>
        <line num="56" count="0" type="stmt"/>
        <line num="59" count="6" type="stmt"/>
      </file>
    </package>
    <package name="src.components.Button">
      <metrics statements="8" coveredstatements="2" conditionals="0" coveredconditionals="0" methods="6" coveredmethods="0"/>
      <file name="Button.jsx" path="/Users/theresebataclan/Desktop/Projects/repertoire/client/src/components/Button/Button.jsx">
        <metrics statements="8" coveredstatements="2" conditionals="0" coveredconditionals="0" methods="6" coveredmethods="0"/>
        <line num="2" count="1" type="stmt"/>
        <line num="4" count="1" type="stmt"/>
        <line num="6" count="0" type="stmt"/>
        <line num="10" count="0" type="stmt"/>
        <line num="11" count="0" type="stmt"/>
        <line num="12" count="0" type="stmt"/>
        <line num="13" count="0" type="stmt"/>
        <line num="14" count="0" type="stmt"/>
      </file>
    </package>
    <package name="src.components.Choices">
      <metrics statements="7" coveredstatements="2" conditionals="2" coveredconditionals="1" methods="4" coveredmethods="1"/>
      <file name="Choices.jsx" path="/Users/theresebataclan/Desktop/Projects/repertoire/client/src/components/Choices/Choices.jsx">
        <metrics statements="7" coveredstatements="2" conditionals="2" coveredconditionals="1" methods="4" coveredmethods="1"/>
        <line num="5" count="3" type="stmt"/>
        <line num="13" count="2" type="stmt"/>
        <line num="18" count="0" type="stmt"/>
        <line num="21" count="0" type="stmt"/>
        <line num="22" count="0" type="stmt"/>
        <line num="23" count="0" type="stmt"/>
        <line num="24" count="0" type="stmt"/>
      </file>
    </package>
    <package name="src.components.Completed">
      <metrics statements="3" coveredstatements="1" conditionals="0" coveredconditionals="0" methods="2" coveredmethods="0"/>
      <file name="Completed.jsx" path="/Users/theresebataclan/Desktop/Projects/repertoire/client/src/components/Completed/Completed.jsx">
        <metrics statements="3" coveredstatements="1" conditionals="0" coveredconditionals="0" methods="2" coveredmethods="0"/>
        <line num="3" count="1" type="stmt"/>
        <line num="5" count="0" type="stmt"/>
        <line num="8" count="0" type="stmt"/>
      </file>
    </package>
    <package name="src.components.CreateUser">
      <metrics statements="21" coveredstatements="9" conditionals="0" coveredconditionals="0" methods="12" coveredmethods="1"/>
      <file name="CreateUser.jsx" path="/Users/theresebataclan/Desktop/Projects/repertoire/client/src/components/CreateUser/CreateUser.jsx">
        <metrics statements="21" coveredstatements="9" conditionals="0" coveredconditionals="0" methods="12" coveredmethods="1"/>
        <line num="2" count="1" type="stmt"/>
        <line num="6" count="1" type="stmt"/>
        <line num="12" count="1" type="stmt"/>
        <line num="13" count="1" type="stmt"/>
        <line num="14" count="1" type="stmt"/>
        <line num="15" count="1" type="stmt"/>
        <line num="17" count="1" type="stmt"/>
        <line num="18" count="0" type="stmt"/>
        <line num="19" count="0" type="stmt"/>
        <line num="21" count="0" type="stmt"/>
        <line num="22" count="0" type="stmt"/>
        <line num="23" count="0" type="stmt"/>
        <line num="24" count="0" type="stmt"/>
        <line num="25" count="0" type="stmt"/>
        <line num="28" count="1" type="stmt"/>
        <line num="29" count="0" type="stmt"/>
        <line num="32" count="1" type="stmt"/>
        <line num="36" count="0" type="stmt"/>
        <line num="37" count="0" type="stmt"/>
        <line num="38" count="0" type="stmt"/>
        <line num="39" count="0" type="stmt"/>
      </file>
    </package>
    <package name="src.components.Dashboard">
      <metrics statements="11" coveredstatements="6" conditionals="6" coveredconditionals="3" methods="3" coveredmethods="1"/>
      <file name="Dashboard.jsx" path="/Users/theresebataclan/Desktop/Projects/repertoire/client/src/components/Dashboard/Dashboard.jsx">
        <metrics statements="11" coveredstatements="6" conditionals="6" coveredconditionals="3" methods="3" coveredmethods="1"/>
        <line num="8" count="2" type="stmt"/>
        <line num="23" count="1" type="stmt"/>
        <line num="24" count="1" type="stmt"/>
        <line num="25" count="1" type="stmt"/>
        <line num="27" count="1" type="cond" truecount="1" falsecount="1"/>
        <line num="28" count="0" type="stmt"/>
        <line num="31" count="1" type="stmt"/>
        <line num="37" count="0" type="stmt"/>
        <line num="38" count="0" type="stmt"/>
        <line num="39" count="0" type="stmt"/>
        <line num="52" count="0" type="stmt"/>
      </file>
    </package>
    <package name="src.components.Difficulty">
      <metrics statements="5" coveredstatements="2" conditionals="0" coveredconditionals="0" methods="4" coveredmethods="1"/>
      <file name="Difficulty.jsx" path="/Users/theresebataclan/Desktop/Projects/repertoire/client/src/components/Difficulty/Difficulty.jsx">
        <metrics statements="5" coveredstatements="2" conditionals="0" coveredconditionals="0" methods="4" coveredmethods="1"/>
        <line num="3" count="2" type="stmt"/>
        <line num="4" count="1" type="stmt"/>
        <line num="9" count="0" type="stmt"/>
        <line num="19" count="0" type="stmt"/>
        <line num="29" count="0" type="stmt"/>
      </file>
    </package>
    <package name="src.components.Draft">
      <metrics statements="2" coveredstatements="1" conditionals="0" coveredconditionals="0" methods="1" coveredmethods="0"/>
      <file name="Draft.jsx" path="/Users/theresebataclan/Desktop/Projects/repertoire/client/src/components/Draft/Draft.jsx">
        <metrics statements="2" coveredstatements="1" conditionals="0" coveredconditionals="0" methods="1" coveredmethods="0"/>
        <line num="3" count="1" type="stmt"/>
        <line num="5" count="0" type="stmt"/>
      </file>
    </package>
    <package name="src.components.HomeButtons">
      <metrics statements="10" coveredstatements="1" conditionals="2" coveredconditionals="0" methods="3" coveredmethods="0"/>
      <file name="HomeButtons.jsx" path="/Users/theresebataclan/Desktop/Projects/repertoire/client/src/components/HomeButtons/HomeButtons.jsx">
        <metrics statements="10" coveredstatements="1" conditionals="2" coveredconditionals="0" methods="3" coveredmethods="0"/>
        <line num="3" count="1" type="stmt"/>
        <line num="5" count="0" type="stmt"/>
        <line num="6" count="0" type="stmt"/>
        <line num="8" count="0" type="cond" truecount="0" falsecount="2"/>
        <line num="9" count="0" type="stmt"/>
        <line num="11" count="0" type="stmt"/>
        <line num="14" count="0" type="stmt"/>
        <line num="15" count="0" type="stmt"/>
        <line num="18" count="0" type="stmt"/>
        <line num="19" count="0" type="stmt"/>
      </file>
    </package>
    <package name="src.components.Instrument">
      <metrics statements="5" coveredstatements="2" conditionals="0" coveredconditionals="0" methods="4" coveredmethods="1"/>
      <file name="Instrument.jsx" path="/Users/theresebataclan/Desktop/Projects/repertoire/client/src/components/Instrument/Instrument.jsx">
        <metrics statements="5" coveredstatements="2" conditionals="0" coveredconditionals="0" methods="4" coveredmethods="1"/>
        <line num="3" count="3" type="stmt"/>
        <line num="4" count="2" type="stmt"/>
        <line num="9" count="0" type="stmt"/>
        <line num="19" count="0" type="stmt"/>
        <line num="29" count="0" type="stmt"/>
      </file>
    </package>
    <package name="src.components.LandingPage">
      <metrics statements="2" coveredstatements="2" conditionals="2" coveredconditionals="2" methods="1" coveredmethods="1"/>
      <file name="LandingPage.jsx" path="/Users/theresebataclan/Desktop/Projects/repertoire/client/src/components/LandingPage/LandingPage.jsx">
        <metrics statements="2" coveredstatements="2" conditionals="2" coveredconditionals="2" methods="1" coveredmethods="1"/>
        <line num="7" count="1" type="stmt"/>
        <line num="19" count="5" type="stmt"/>
      </file>
    </package>
    <package name="src.components.Notes">
      <metrics statements="16" coveredstatements="1" conditionals="4" coveredconditionals="0" methods="7" coveredmethods="0"/>
      <file name="Notes.jsx" path="/Users/theresebataclan/Desktop/Projects/repertoire/client/src/components/Notes/Notes.jsx">
        <metrics statements="16" coveredstatements="1" conditionals="4" coveredconditionals="0" methods="7" coveredmethods="0"/>
        <line num="7" count="1" type="stmt"/>
        <line num="8" count="0" type="stmt"/>
        <line num="9" count="0" type="stmt"/>
        <line num="11" count="0" type="stmt"/>
        <line num="12" count="0" type="stmt"/>
        <line num="14" count="0" type="stmt"/>
        <line num="15" count="0" type="stmt"/>
        <line num="16" count="0" type="stmt"/>
        <line num="17" count="0" type="stmt"/>
        <line num="18" count="0" type="stmt"/>
        <line num="24" count="0" type="stmt"/>
        <line num="25" count="0" type="stmt"/>
        <line num="26" count="0" type="stmt"/>
        <line num="27" count="0" type="stmt"/>
        <line num="31" count="0" type="stmt"/>
        <line num="54" count="0" type="stmt"/>
      </file>
    </package>
    <package name="src.components.Search">
      <metrics statements="4" coveredstatements="2" conditionals="0" coveredconditionals="0" methods="3" coveredmethods="1"/>
      <file name="Search.jsx" path="/Users/theresebataclan/Desktop/Projects/repertoire/client/src/components/Search/Search.jsx">
        <metrics statements="4" coveredstatements="2" conditionals="0" coveredconditionals="0" methods="3" coveredmethods="1"/>
        <line num="3" count="3" type="stmt"/>
        <line num="4" count="2" type="stmt"/>
        <line num="9" count="0" type="stmt"/>
        <line num="10" count="0" type="stmt"/>
      </file>
    </package>
    <package name="src.components.SignIn">
      <metrics statements="17" coveredstatements="14" conditionals="2" coveredconditionals="2" methods="7" coveredmethods="4"/>
      <file name="SignIn.jsx" path="/Users/theresebataclan/Desktop/Projects/repertoire/client/src/components/SignIn/SignIn.jsx">
        <metrics statements="17" coveredstatements="14" conditionals="2" coveredconditionals="2" methods="7" coveredmethods="4"/>
        <line num="5" count="1" type="stmt"/>
        <line num="14" count="4" type="stmt"/>
        <line num="15" count="4" type="stmt"/>
        <line num="17" count="4" type="stmt"/>
        <line num="18" count="4" type="cond" truecount="2" falsecount="0"/>
        <line num="19" count="1" type="stmt"/>
        <line num="20" count="1" type="stmt"/>
        <line num="21" count="1" type="stmt"/>
        <line num="22" count="0" type="stmt"/>
        <line num="27" count="4" type="stmt"/>
        <line num="28" count="1" type="stmt"/>
        <line num="29" count="1" type="stmt"/>
        <line num="32" count="4" type="stmt"/>
        <line num="33" count="1" type="stmt"/>
        <line num="36" count="4" type="stmt"/>
        <line num="43" count="0" type="stmt"/>
        <line num="51" count="0" type="stmt"/>
      </file>
    </package>
    <package name="src.components.SongCard">
      <metrics statements="5" coveredstatements="1" conditionals="6" coveredconditionals="0" methods="2" coveredmethods="0"/>
      <file name="SongCard.jsx" path="/Users/theresebataclan/Desktop/Projects/repertoire/client/src/components/SongCard/SongCard.jsx">
        <metrics statements="5" coveredstatements="1" conditionals="6" coveredconditionals="0" methods="2" coveredmethods="0"/>
        <line num="6" count="1" type="stmt"/>
        <line num="7" count="0" type="stmt"/>
        <line num="8" count="0" type="stmt"/>
        <line num="10" count="0" type="stmt"/>
        <line num="15" count="0" type="stmt"/>
      </file>
    </package>
    <package name="src.components.SongList">
      <metrics statements="7" coveredstatements="5" conditionals="2" coveredconditionals="1" methods="3" coveredmethods="1"/>
      <file name="SongList.jsx" path="/Users/theresebataclan/Desktop/Projects/repertoire/client/src/components/SongList/SongList.jsx">
        <metrics statements="7" coveredstatements="5" conditionals="2" coveredconditionals="1" methods="3" coveredmethods="1"/>
        <line num="8" count="1" type="stmt"/>
        <line num="17" count="1" type="stmt"/>
        <line num="18" count="1" type="stmt"/>
        <line num="19" count="1" type="stmt"/>
        <line num="21" count="1" type="stmt"/>
        <line num="26" count="0" type="stmt"/>
        <line num="40" count="0" type="stmt"/>
      </file>
    </package>
  </project>
</coverage>
