{"/Users/theresebataclan/Desktop/Projects/repertoire/client/src/lib.js": {"path":"/Users/theresebataclan/Desktop/Projects/repertoire/client/src/lib.js","statementMap":{"0":{"start":{"line":1,"column":14},"end":{"line":1,"column":30}},"1":{"start":{"line":3,"column":0},"end":{"line":48,"column":2}},"2":{"start":{"line":5,"column":4},"end":{"line":9,"column":9}},"3":{"start":{"line":8,"column":8},"end":{"line":8,"column":20}},"4":{"start":{"line":12,"column":4},"end":{"line":16,"column":7}},"5":{"start":{"line":19,"column":4},"end":{"line":25,"column":32}},"6":{"start":{"line":25,"column":26},"end":{"line":25,"column":30}},"7":{"start":{"line":28,"column":4},"end":{"line":30,"column":7}},"8":{"start":{"line":33,"column":4},"end":{"line":38,"column":7}},"9":{"start":{"line":41,"column":4},"end":{"line":46,"column":7}}},"fnMap":{"0":{"name":"(anonymous_0)","decl":{"start":{"line":4,"column":12},"end":{"line":4,"column":13}},"loc":{"start":{"line":4,"column":26},"end":{"line":10,"column":3}},"line":4},"1":{"name":"(anonymous_1)","decl":{"start":{"line":7,"column":12},"end":{"line":7,"column":13}},"loc":{"start":{"line":7,"column":26},"end":{"line":9,"column":7}},"line":7},"2":{"name":"(anonymous_2)","decl":{"start":{"line":11,"column":11},"end":{"line":11,"column":12}},"loc":{"start":{"line":11,"column":37},"end":{"line":17,"column":3}},"line":11},"3":{"name":"(anonymous_3)","decl":{"start":{"line":18,"column":15},"end":{"line":18,"column":16}},"loc":{"start":{"line":18,"column":49},"end":{"line":26,"column":3}},"line":18},"4":{"name":"(anonymous_4)","decl":{"start":{"line":25,"column":12},"end":{"line":25,"column":13}},"loc":{"start":{"line":25,"column":26},"end":{"line":25,"column":30}},"line":25},"5":{"name":"(anonymous_5)","decl":{"start":{"line":27,"column":14},"end":{"line":27,"column":15}},"loc":{"start":{"line":27,"column":42},"end":{"line":31,"column":3}},"line":27},"6":{"name":"(anonymous_6)","decl":{"start":{"line":32,"column":15},"end":{"line":32,"column":16}},"loc":{"start":{"line":32,"column":50},"end":{"line":39,"column":3}},"line":32},"7":{"name":"(anonymous_7)","decl":{"start":{"line":40,"column":16},"end":{"line":40,"column":17}},"loc":{"start":{"line":40,"column":55},"end":{"line":47,"column":3}},"line":40}},"branchMap":{},"s":{"0":3,"1":3,"2":1,"3":0,"4":0,"5":0,"6":0,"7":0,"8":0,"9":0},"f":{"0":1,"1":0,"2":0,"3":0,"4":0,"5":0,"6":0,"7":0},"b":{},"_coverageSchema":"1a1c01bbd47fc00a2c39e90264f33305004495a9","hash":"a3d681ddb4854f075476411131caf2cc3b3fb6d0"}
,"/Users/theresebataclan/Desktop/Projects/repertoire/client/src/components/App/App.jsx": {"path":"/Users/theresebataclan/Desktop/Projects/repertoire/client/src/components/App/App.jsx","statementMap":{"0":{"start":{"line":10,"column":12},"end":{"line":116,"column":1}},"1":{"start":{"line":11,"column":28},"end":{"line":11,"column":40}},"2":{"start":{"line":12,"column":32},"end":{"line":12,"column":44}},"3":{"start":{"line":13,"column":26},"end":{"line":13,"column":38}},"4":{"start":{"line":14,"column":34},"end":{"line":14,"column":49}},"5":{"start":{"line":15,"column":38},"end":{"line":15,"column":53}},"6":{"start":{"line":16,"column":38},"end":{"line":16,"column":53}},"7":{"start":{"line":17,"column":28},"end":{"line":17,"column":40}},"8":{"start":{"line":18,"column":34},"end":{"line":18,"column":46}},"9":{"start":{"line":19,"column":32},"end":{"line":19,"column":46}},"10":{"start":{"line":20,"column":34},"end":{"line":20,"column":48}},"11":{"start":{"line":21,"column":34},"end":{"line":21,"column":49}},"12":{"start":{"line":22,"column":32},"end":{"line":22,"column":47}},"13":{"start":{"line":23,"column":36},"end":{"line":23,"column":51}},"14":{"start":{"line":25,"column":22},"end":{"line":30,"column":3}},"15":{"start":{"line":26,"column":4},"end":{"line":26,"column":22}},"16":{"start":{"line":27,"column":4},"end":{"line":27,"column":21}},"17":{"start":{"line":28,"column":4},"end":{"line":28,"column":23}},"18":{"start":{"line":29,"column":4},"end":{"line":29,"column":19}},"19":{"start":{"line":32,"column":23},"end":{"line":51,"column":3}},"20":{"start":{"line":33,"column":4},"end":{"line":38,"column":5}},"21":{"start":{"line":34,"column":6},"end":{"line":34,"column":25}},"22":{"start":{"line":35,"column":6},"end":{"line":37,"column":15}},"23":{"start":{"line":36,"column":8},"end":{"line":36,"column":28}},"24":{"start":{"line":40,"column":4},"end":{"line":40,"column":21}},"25":{"start":{"line":41,"column":4},"end":{"line":50,"column":7}},"26":{"start":{"line":42,"column":6},"end":{"line":49,"column":7}},"27":{"start":{"line":43,"column":8},"end":{"line":43,"column":26}},"28":{"start":{"line":44,"column":8},"end":{"line":44,"column":65}},"29":{"start":{"line":46,"column":8},"end":{"line":46,"column":31}},"30":{"start":{"line":47,"column":8},"end":{"line":47,"column":29}},"31":{"start":{"line":48,"column":8},"end":{"line":48,"column":26}},"32":{"start":{"line":53,"column":24},"end":{"line":57,"column":3}},"33":{"start":{"line":54,"column":4},"end":{"line":54,"column":23}},"34":{"start":{"line":55,"column":4},"end":{"line":55,"column":22}},"35":{"start":{"line":56,"column":4},"end":{"line":56,"column":17}},"36":{"start":{"line":59,"column":2},"end":{"line":115,"column":4}}},"fnMap":{"0":{"name":"(anonymous_0)","decl":{"start":{"line":10,"column":12},"end":{"line":10,"column":13}},"loc":{"start":{"line":10,"column":18},"end":{"line":116,"column":1}},"line":10},"1":{"name":"(anonymous_1)","decl":{"start":{"line":25,"column":22},"end":{"line":25,"column":23}},"loc":{"start":{"line":25,"column":28},"end":{"line":30,"column":3}},"line":25},"2":{"name":"(anonymous_2)","decl":{"start":{"line":32,"column":23},"end":{"line":32,"column":24}},"loc":{"start":{"line":32,"column":57},"end":{"line":51,"column":3}},"line":32},"3":{"name":"(anonymous_3)","decl":{"start":{"line":35,"column":24},"end":{"line":35,"column":25}},"loc":{"start":{"line":35,"column":30},"end":{"line":37,"column":7}},"line":35},"4":{"name":"(anonymous_4)","decl":{"start":{"line":41,"column":51},"end":{"line":41,"column":52}},"loc":{"start":{"line":41,"column":61},"end":{"line":50,"column":5}},"line":41},"5":{"name":"(anonymous_5)","decl":{"start":{"line":53,"column":24},"end":{"line":53,"column":25}},"loc":{"start":{"line":53,"column":30},"end":{"line":57,"column":3}},"line":53}},"branchMap":{"0":{"loc":{"start":{"line":33,"column":4},"end":{"line":38,"column":5}},"type":"if","locations":[{"start":{"line":33,"column":4},"end":{"line":38,"column":5}},{"start":{},"end":{}}],"line":33},"1":{"loc":{"start":{"line":42,"column":6},"end":{"line":49,"column":7}},"type":"if","locations":[{"start":{"line":42,"column":6},"end":{"line":49,"column":7}},{"start":{"line":45,"column":13},"end":{"line":49,"column":7}}],"line":42},"2":{"loc":{"start":{"line":63,"column":9},"end":{"line":67,"column":9}},"type":"binary-expr","locations":[{"start":{"line":63,"column":9},"end":{"line":63,"column":17}},{"start":{"line":64,"column":10},"end":{"line":66,"column":17}}],"line":63},"3":{"loc":{"start":{"line":70,"column":7},"end":{"line":84,"column":7}},"type":"binary-expr","locations":[{"start":{"line":70,"column":7},"end":{"line":70,"column":16}},{"start":{"line":71,"column":8},"end":{"line":83,"column":10}}],"line":70},"4":{"loc":{"start":{"line":85,"column":7},"end":{"line":113,"column":7}},"type":"cond-expr","locations":[{"start":{"line":86,"column":8},"end":{"line":100,"column":10}},{"start":{"line":102,"column":8},"end":{"line":112,"column":9}}],"line":85},"5":{"loc":{"start":{"line":102,"column":8},"end":{"line":112,"column":9}},"type":"binary-expr","locations":[{"start":{"line":102,"column":8},"end":{"line":102,"column":16}},{"start":{"line":103,"column":10},"end":{"line":111,"column":12}}],"line":102}},"s":{"0":1,"1":6,"2":6,"3":6,"4":6,"5":6,"6":6,"7":6,"8":6,"9":6,"10":6,"11":6,"12":6,"13":6,"14":6,"15":0,"16":0,"17":0,"18":0,"19":6,"20":0,"21":0,"22":0,"23":0,"24":0,"25":0,"26":0,"27":0,"28":0,"29":0,"30":0,"31":0,"32":6,"33":0,"34":0,"35":0,"36":6},"f":{"0":6,"1":0,"2":0,"3":0,"4":0,"5":0},"b":{"0":[0,0],"1":[0,0],"2":[6,1],"3":[6,5],"4":[0,6],"5":[6,1]},"_coverageSchema":"1a1c01bbd47fc00a2c39e90264f33305004495a9","hash":"af27325cc8f816f4d76864bef0a1d1037a73c012"}
,"/Users/theresebataclan/Desktop/Projects/repertoire/client/src/components/Button/Button.jsx": {"path":"/Users/theresebataclan/Desktop/Projects/repertoire/client/src/components/Button/Button.jsx","statementMap":{"0":{"start":{"line":2,"column":14},"end":{"line":2,"column":30}},"1":{"start":{"line":4,"column":15},"end":{"line":18,"column":1}},"2":{"start":{"line":6,"column":2},"end":{"line":17,"column":4}},"3":{"start":{"line":10,"column":10},"end":{"line":14,"column":44}},"4":{"start":{"line":11,"column":24},"end":{"line":11,"column":44}},"5":{"start":{"line":12,"column":24},"end":{"line":12,"column":41}},"6":{"start":{"line":13,"column":24},"end":{"line":13,"column":42}},"7":{"start":{"line":14,"column":26},"end":{"line":14,"column":42}}},"fnMap":{"0":{"name":"(anonymous_0)","decl":{"start":{"line":4,"column":15},"end":{"line":4,"column":16}},"loc":{"start":{"line":4,"column":71},"end":{"line":18,"column":1}},"line":4},"1":{"name":"(anonymous_1)","decl":{"start":{"line":9,"column":8},"end":{"line":9,"column":9}},"loc":{"start":{"line":9,"column":14},"end":{"line":15,"column":9}},"line":9},"2":{"name":"(anonymous_2)","decl":{"start":{"line":11,"column":18},"end":{"line":11,"column":19}},"loc":{"start":{"line":11,"column":24},"end":{"line":11,"column":44}},"line":11},"3":{"name":"(anonymous_3)","decl":{"start":{"line":12,"column":18},"end":{"line":12,"column":19}},"loc":{"start":{"line":12,"column":24},"end":{"line":12,"column":41}},"line":12},"4":{"name":"(anonymous_4)","decl":{"start":{"line":13,"column":18},"end":{"line":13,"column":19}},"loc":{"start":{"line":13,"column":24},"end":{"line":13,"column":42}},"line":13},"5":{"name":"(anonymous_5)","decl":{"start":{"line":14,"column":19},"end":{"line":14,"column":20}},"loc":{"start":{"line":14,"column":26},"end":{"line":14,"column":42}},"line":14}},"branchMap":{},"s":{"0":1,"1":1,"2":0,"3":0,"4":0,"5":0,"6":0,"7":0},"f":{"0":0,"1":0,"2":0,"3":0,"4":0,"5":0},"b":{},"_coverageSchema":"1a1c01bbd47fc00a2c39e90264f33305004495a9","hash":"9bb6cbd148ac9208c83b6017eb9c3142acdc3baf"}
,"/Users/theresebataclan/Desktop/Projects/repertoire/client/src/components/Choices/Choices.jsx": {"path":"/Users/theresebataclan/Desktop/Projects/repertoire/client/src/components/Choices/Choices.jsx","statementMap":{"0":{"start":{"line":5,"column":16},"end":{"line":36,"column":1}},"1":{"start":{"line":13,"column":2},"end":{"line":35,"column":4}},"2":{"start":{"line":18,"column":12},"end":{"line":30,"column":18}},"3":{"start":{"line":21,"column":16},"end":{"line":25,"column":19}},"4":{"start":{"line":22,"column":18},"end":{"line":22,"column":37}},"5":{"start":{"line":23,"column":18},"end":{"line":23,"column":33}},"6":{"start":{"line":24,"column":18},"end":{"line":24,"column":33}}},"fnMap":{"0":{"name":"(anonymous_0)","decl":{"start":{"line":5,"column":16},"end":{"line":5,"column":17}},"loc":{"start":{"line":12,"column":6},"end":{"line":36,"column":1}},"line":12},"1":{"name":"(anonymous_1)","decl":{"start":{"line":17,"column":23},"end":{"line":17,"column":24}},"loc":{"start":{"line":18,"column":12},"end":{"line":30,"column":18}},"line":18},"2":{"name":"(anonymous_2)","decl":{"start":{"line":20,"column":23},"end":{"line":20,"column":24}},"loc":{"start":{"line":20,"column":29},"end":{"line":26,"column":15}},"line":20},"3":{"name":"(anonymous_3)","decl":{"start":{"line":21,"column":53},"end":{"line":21,"column":54}},"loc":{"start":{"line":21,"column":67},"end":{"line":25,"column":17}},"line":21}},"branchMap":{"0":{"loc":{"start":{"line":15,"column":7},"end":{"line":33,"column":7}},"type":"binary-expr","locations":[{"start":{"line":15,"column":7},"end":{"line":15,"column":25}},{"start":{"line":16,"column":8},"end":{"line":32,"column":14}}],"line":15}},"s":{"0":3,"1":2,"2":0,"3":0,"4":0,"5":0,"6":0},"f":{"0":2,"1":0,"2":0,"3":0},"b":{"0":[2,0]},"_coverageSchema":"1a1c01bbd47fc00a2c39e90264f33305004495a9","hash":"fa2f8fd143d11132b816bc3a3ad343711fbfd966"}
,"/Users/theresebataclan/Desktop/Projects/repertoire/client/src/components/Completed/Completed.jsx": {"path":"/Users/theresebataclan/Desktop/Projects/repertoire/client/src/components/Completed/Completed.jsx","statementMap":{"0":{"start":{"line":3,"column":18},"end":{"line":13,"column":1}},"1":{"start":{"line":5,"column":2},"end":{"line":12,"column":4}},"2":{"start":{"line":8,"column":8},"end":{"line":8,"column":57}}},"fnMap":{"0":{"name":"(anonymous_0)","decl":{"start":{"line":3,"column":18},"end":{"line":3,"column":19}},"loc":{"start":{"line":3,"column":59},"end":{"line":13,"column":1}},"line":3},"1":{"name":"(anonymous_1)","decl":{"start":{"line":7,"column":22},"end":{"line":7,"column":23}},"loc":{"start":{"line":8,"column":8},"end":{"line":8,"column":57}},"line":8}},"branchMap":{},"s":{"0":1,"1":0,"2":0},"f":{"0":0,"1":0},"b":{},"_coverageSchema":"1a1c01bbd47fc00a2c39e90264f33305004495a9","hash":"fc8c31dcb789b674c7095c8f7d2b535d28d54d3f"}
,"/Users/theresebataclan/Desktop/Projects/repertoire/client/src/components/CreateUser/CreateUser.jsx": {"path":"/Users/theresebataclan/Desktop/Projects/repertoire/client/src/components/CreateUser/CreateUser.jsx","statementMap":{"0":{"start":{"line":2,"column":14},"end":{"line":2,"column":30}},"1":{"start":{"line":6,"column":19},"end":{"line":45,"column":1}},"2":{"start":{"line":12,"column":28},"end":{"line":12,"column":40}},"3":{"start":{"line":13,"column":34},"end":{"line":13,"column":46}},"4":{"start":{"line":14,"column":28},"end":{"line":14,"column":40}},"5":{"start":{"line":15,"column":26},"end":{"line":15,"column":38}},"6":{"start":{"line":17,"column":23},"end":{"line":26,"column":3}},"7":{"start":{"line":18,"column":4},"end":{"line":18,"column":23}},"8":{"start":{"line":19,"column":4},"end":{"line":25,"column":40}},"9":{"start":{"line":21,"column":18},"end":{"line":21,"column":38}},"10":{"start":{"line":22,"column":18},"end":{"line":22,"column":35}},"11":{"start":{"line":23,"column":18},"end":{"line":23,"column":36}},"12":{"start":{"line":24,"column":18},"end":{"line":24,"column":38}},"13":{"start":{"line":25,"column":22},"end":{"line":25,"column":38}},"14":{"start":{"line":28,"column":21},"end":{"line":30,"column":3}},"15":{"start":{"line":29,"column":4},"end":{"line":29,"column":25}},"16":{"start":{"line":32,"column":2},"end":{"line":44,"column":4}},"17":{"start":{"line":36,"column":32},"end":{"line":36,"column":56}},"18":{"start":{"line":37,"column":32},"end":{"line":37,"column":55}},"19":{"start":{"line":38,"column":32},"end":{"line":38,"column":56}},"20":{"start":{"line":39,"column":32},"end":{"line":39,"column":59}}},"fnMap":{"0":{"name":"(anonymous_0)","decl":{"start":{"line":6,"column":19},"end":{"line":6,"column":20}},"loc":{"start":{"line":11,"column":6},"end":{"line":45,"column":1}},"line":11},"1":{"name":"(anonymous_1)","decl":{"start":{"line":17,"column":23},"end":{"line":17,"column":24}},"loc":{"start":{"line":17,"column":30},"end":{"line":26,"column":3}},"line":17},"2":{"name":"(anonymous_2)","decl":{"start":{"line":21,"column":12},"end":{"line":21,"column":13}},"loc":{"start":{"line":21,"column":18},"end":{"line":21,"column":38}},"line":21},"3":{"name":"(anonymous_3)","decl":{"start":{"line":22,"column":12},"end":{"line":22,"column":13}},"loc":{"start":{"line":22,"column":18},"end":{"line":22,"column":35}},"line":22},"4":{"name":"(anonymous_4)","decl":{"start":{"line":23,"column":12},"end":{"line":23,"column":13}},"loc":{"start":{"line":23,"column":18},"end":{"line":23,"column":36}},"line":23},"5":{"name":"(anonymous_5)","decl":{"start":{"line":24,"column":12},"end":{"line":24,"column":13}},"loc":{"start":{"line":24,"column":18},"end":{"line":24,"column":38}},"line":24},"6":{"name":"(anonymous_6)","decl":{"start":{"line":25,"column":13},"end":{"line":25,"column":14}},"loc":{"start":{"line":25,"column":22},"end":{"line":25,"column":38}},"line":25},"7":{"name":"(anonymous_7)","decl":{"start":{"line":28,"column":21},"end":{"line":28,"column":22}},"loc":{"start":{"line":28,"column":27},"end":{"line":30,"column":3}},"line":28},"8":{"name":"(anonymous_8)","decl":{"start":{"line":36,"column":25},"end":{"line":36,"column":26}},"loc":{"start":{"line":36,"column":32},"end":{"line":36,"column":56}},"line":36},"9":{"name":"(anonymous_9)","decl":{"start":{"line":37,"column":25},"end":{"line":37,"column":26}},"loc":{"start":{"line":37,"column":32},"end":{"line":37,"column":55}},"line":37},"10":{"name":"(anonymous_10)","decl":{"start":{"line":38,"column":25},"end":{"line":38,"column":26}},"loc":{"start":{"line":38,"column":32},"end":{"line":38,"column":56}},"line":38},"11":{"name":"(anonymous_11)","decl":{"start":{"line":39,"column":25},"end":{"line":39,"column":26}},"loc":{"start":{"line":39,"column":32},"end":{"line":39,"column":59}},"line":39}},"branchMap":{},"s":{"0":1,"1":1,"2":1,"3":1,"4":1,"5":1,"6":1,"7":0,"8":0,"9":0,"10":0,"11":0,"12":0,"13":0,"14":1,"15":0,"16":1,"17":0,"18":0,"19":0,"20":0},"f":{"0":1,"1":0,"2":0,"3":0,"4":0,"5":0,"6":0,"7":0,"8":0,"9":0,"10":0,"11":0},"b":{},"_coverageSchema":"1a1c01bbd47fc00a2c39e90264f33305004495a9","hash":"6da0e2b784356eb729740d45a6bd79d3c36feca7"}
,"/Users/theresebataclan/Desktop/Projects/repertoire/client/src/components/Dashboard/Dashboard.jsx": {"path":"/Users/theresebataclan/Desktop/Projects/repertoire/client/src/components/Dashboard/Dashboard.jsx","statementMap":{"0":{"start":{"line":8,"column":18},"end":{"line":79,"column":1}},"1":{"start":{"line":23,"column":38},"end":{"line":23,"column":50}},"2":{"start":{"line":24,"column":38},"end":{"line":24,"column":50}},"3":{"start":{"line":25,"column":40},"end":{"line":25,"column":52}},"4":{"start":{"line":27,"column":2},"end":{"line":29,"column":3}},"5":{"start":{"line":28,"column":4},"end":{"line":28,"column":16}},"6":{"start":{"line":31,"column":2},"end":{"line":78,"column":4}},"7":{"start":{"line":37,"column":12},"end":{"line":37,"column":31}},"8":{"start":{"line":38,"column":12},"end":{"line":38,"column":62}},"9":{"start":{"line":39,"column":12},"end":{"line":39,"column":31}},"10":{"start":{"line":52,"column":55},"end":{"line":52,"column":73}}},"fnMap":{"0":{"name":"(anonymous_0)","decl":{"start":{"line":8,"column":18},"end":{"line":8,"column":19}},"loc":{"start":{"line":22,"column":6},"end":{"line":79,"column":1}},"line":22},"1":{"name":"(anonymous_1)","decl":{"start":{"line":36,"column":20},"end":{"line":36,"column":21}},"loc":{"start":{"line":36,"column":27},"end":{"line":40,"column":11}},"line":36},"2":{"name":"(anonymous_2)","decl":{"start":{"line":52,"column":49},"end":{"line":52,"column":50}},"loc":{"start":{"line":52,"column":55},"end":{"line":52,"column":73}},"line":52}},"branchMap":{"0":{"loc":{"start":{"line":27,"column":2},"end":{"line":29,"column":3}},"type":"if","locations":[{"start":{"line":27,"column":2},"end":{"line":29,"column":3}},{"start":{},"end":{}}],"line":27},"1":{"loc":{"start":{"line":62,"column":9},"end":{"line":75,"column":9}},"type":"cond-expr","locations":[{"start":{"line":63,"column":10},"end":{"line":63,"column":44}},{"start":{"line":64,"column":12},"end":{"line":75,"column":9}}],"line":62},"2":{"loc":{"start":{"line":64,"column":12},"end":{"line":75,"column":9}},"type":"cond-expr","locations":[{"start":{"line":65,"column":10},"end":{"line":65,"column":50}},{"start":{"line":67,"column":10},"end":{"line":74,"column":12}}],"line":64}},"s":{"0":2,"1":1,"2":1,"3":1,"4":1,"5":0,"6":1,"7":0,"8":0,"9":0,"10":0},"f":{"0":1,"1":0,"2":0},"b":{"0":[0,1],"1":[0,1],"2":[0,1]},"_coverageSchema":"1a1c01bbd47fc00a2c39e90264f33305004495a9","hash":"a19003eada27bad7971598bc9fa2dc8881455a7d"}
,"/Users/theresebataclan/Desktop/Projects/repertoire/client/src/components/Difficulty/Difficulty.jsx": {"path":"/Users/theresebataclan/Desktop/Projects/repertoire/client/src/components/Difficulty/Difficulty.jsx","statementMap":{"0":{"start":{"line":3,"column":19},"end":{"line":41,"column":1}},"1":{"start":{"line":4,"column":2},"end":{"line":40,"column":4}},"2":{"start":{"line":9,"column":26},"end":{"line":9,"column":55}},"3":{"start":{"line":19,"column":26},"end":{"line":19,"column":55}},"4":{"start":{"line":29,"column":26},"end":{"line":29,"column":55}}},"fnMap":{"0":{"name":"(anonymous_0)","decl":{"start":{"line":3,"column":19},"end":{"line":3,"column":20}},"loc":{"start":{"line":3,"column":54},"end":{"line":41,"column":1}},"line":3},"1":{"name":"(anonymous_1)","decl":{"start":{"line":9,"column":19},"end":{"line":9,"column":20}},"loc":{"start":{"line":9,"column":26},"end":{"line":9,"column":55}},"line":9},"2":{"name":"(anonymous_2)","decl":{"start":{"line":19,"column":19},"end":{"line":19,"column":20}},"loc":{"start":{"line":19,"column":26},"end":{"line":19,"column":55}},"line":19},"3":{"name":"(anonymous_3)","decl":{"start":{"line":29,"column":19},"end":{"line":29,"column":20}},"loc":{"start":{"line":29,"column":26},"end":{"line":29,"column":55}},"line":29}},"branchMap":{},"s":{"0":2,"1":1,"2":0,"3":0,"4":0},"f":{"0":1,"1":0,"2":0,"3":0},"b":{},"_coverageSchema":"1a1c01bbd47fc00a2c39e90264f33305004495a9","hash":"90f6215ab11313c8ebe266f923f395cca9643fcf"}
,"/Users/theresebataclan/Desktop/Projects/repertoire/client/src/components/Draft/Draft.jsx": {"path":"/Users/theresebataclan/Desktop/Projects/repertoire/client/src/components/Draft/Draft.jsx","statementMap":{"0":{"start":{"line":3,"column":14},"end":{"line":18,"column":1}},"1":{"start":{"line":5,"column":2},"end":{"line":17,"column":4}}},"fnMap":{"0":{"name":"(anonymous_0)","decl":{"start":{"line":3,"column":14},"end":{"line":3,"column":15}},"loc":{"start":{"line":3,"column":82},"end":{"line":18,"column":1}},"line":3}},"branchMap":{},"s":{"0":1,"1":0},"f":{"0":0},"b":{},"_coverageSchema":"1a1c01bbd47fc00a2c39e90264f33305004495a9","hash":"90eac9b8ab8d68a68b570cf095a2aec7eb8da82f"}
,"/Users/theresebataclan/Desktop/Projects/repertoire/client/src/components/HomeButtons/HomeButtons.jsx": {"path":"/Users/theresebataclan/Desktop/Projects/repertoire/client/src/components/HomeButtons/HomeButtons.jsx","statementMap":{"0":{"start":{"line":3,"column":20},"end":{"line":23,"column":1}},"1":{"start":{"line":5,"column":28},"end":{"line":5,"column":40}},"2":{"start":{"line":6,"column":34},"end":{"line":6,"column":46}},"3":{"start":{"line":8,"column":2},"end":{"line":10,"column":3}},"4":{"start":{"line":9,"column":4},"end":{"line":9,"column":16}},"5":{"start":{"line":11,"column":2},"end":{"line":22,"column":4}},"6":{"start":{"line":14,"column":8},"end":{"line":14,"column":26}},"7":{"start":{"line":15,"column":8},"end":{"line":15,"column":28}},"8":{"start":{"line":18,"column":8},"end":{"line":18,"column":26}},"9":{"start":{"line":19,"column":8},"end":{"line":19,"column":28}}},"fnMap":{"0":{"name":"(anonymous_0)","decl":{"start":{"line":3,"column":20},"end":{"line":3,"column":21}},"loc":{"start":{"line":3,"column":79},"end":{"line":23,"column":1}},"line":3},"1":{"name":"(anonymous_1)","decl":{"start":{"line":13,"column":23},"end":{"line":13,"column":24}},"loc":{"start":{"line":13,"column":29},"end":{"line":16,"column":7}},"line":13},"2":{"name":"(anonymous_2)","decl":{"start":{"line":17,"column":23},"end":{"line":17,"column":24}},"loc":{"start":{"line":17,"column":29},"end":{"line":20,"column":7}},"line":17}},"branchMap":{"0":{"loc":{"start":{"line":8,"column":2},"end":{"line":10,"column":3}},"type":"if","locations":[{"start":{"line":8,"column":2},"end":{"line":10,"column":3}},{"start":{},"end":{}}],"line":8}},"s":{"0":1,"1":0,"2":0,"3":0,"4":0,"5":0,"6":0,"7":0,"8":0,"9":0},"f":{"0":0,"1":0,"2":0},"b":{"0":[0,0]},"_coverageSchema":"1a1c01bbd47fc00a2c39e90264f33305004495a9","hash":"81e0f7c1b68d8f33f1f376f890287817458f7e3c"}
,"/Users/theresebataclan/Desktop/Projects/repertoire/client/src/components/Instrument/Instrument.jsx": {"path":"/Users/theresebataclan/Desktop/Projects/repertoire/client/src/components/Instrument/Instrument.jsx","statementMap":{"0":{"start":{"line":3,"column":19},"end":{"line":41,"column":1}},"1":{"start":{"line":4,"column":2},"end":{"line":40,"column":4}},"2":{"start":{"line":9,"column":26},"end":{"line":9,"column":55}},"3":{"start":{"line":19,"column":26},"end":{"line":19,"column":55}},"4":{"start":{"line":29,"column":26},"end":{"line":29,"column":55}}},"fnMap":{"0":{"name":"(anonymous_0)","decl":{"start":{"line":3,"column":19},"end":{"line":3,"column":20}},"loc":{"start":{"line":3,"column":54},"end":{"line":41,"column":1}},"line":3},"1":{"name":"(anonymous_1)","decl":{"start":{"line":9,"column":19},"end":{"line":9,"column":20}},"loc":{"start":{"line":9,"column":26},"end":{"line":9,"column":55}},"line":9},"2":{"name":"(anonymous_2)","decl":{"start":{"line":19,"column":19},"end":{"line":19,"column":20}},"loc":{"start":{"line":19,"column":26},"end":{"line":19,"column":55}},"line":19},"3":{"name":"(anonymous_3)","decl":{"start":{"line":29,"column":19},"end":{"line":29,"column":20}},"loc":{"start":{"line":29,"column":26},"end":{"line":29,"column":55}},"line":29}},"branchMap":{},"s":{"0":3,"1":2,"2":0,"3":0,"4":0},"f":{"0":2,"1":0,"2":0,"3":0},"b":{},"_coverageSchema":"1a1c01bbd47fc00a2c39e90264f33305004495a9","hash":"9195ff5a290b5a8e045c24269d23d25992bf2ab3"}
,"/Users/theresebataclan/Desktop/Projects/repertoire/client/src/components/LandingPage/LandingPage.jsx": {"path":"/Users/theresebataclan/Desktop/Projects/repertoire/client/src/components/LandingPage/LandingPage.jsx","statementMap":{"0":{"start":{"line":7,"column":20},"end":{"line":48,"column":1}},"1":{"start":{"line":19,"column":2},"end":{"line":47,"column":4}}},"fnMap":{"0":{"name":"(anonymous_0)","decl":{"start":{"line":7,"column":20},"end":{"line":7,"column":21}},"loc":{"start":{"line":18,"column":6},"end":{"line":48,"column":1}},"line":18}},"branchMap":{"0":{"loc":{"start":{"line":21,"column":7},"end":{"line":39,"column":7}},"type":"cond-expr","locations":[{"start":{"line":22,"column":8},"end":{"line":28,"column":10}},{"start":{"line":30,"column":8},"end":{"line":38,"column":10}}],"line":21}},"s":{"0":1,"1":5},"f":{"0":5},"b":{"0":[1,4]},"_coverageSchema":"1a1c01bbd47fc00a2c39e90264f33305004495a9","hash":"4eca17d37a494ff9cdbc701563cb46ab28f948fa"}
,"/Users/theresebataclan/Desktop/Projects/repertoire/client/src/components/Notes/Notes.jsx": {"path":"/Users/theresebataclan/Desktop/Projects/repertoire/client/src/components/Notes/Notes.jsx","statementMap":{"0":{"start":{"line":7,"column":14},"end":{"line":60,"column":1}},"1":{"start":{"line":8,"column":28},"end":{"line":8,"column":40}},"2":{"start":{"line":9,"column":32},"end":{"line":9,"column":47}},"3":{"start":{"line":11,"column":26},"end":{"line":22,"column":3}},"4":{"start":{"line":12,"column":4},"end":{"line":21,"column":6}},"5":{"start":{"line":14,"column":8},"end":{"line":14,"column":36}},"6":{"start":{"line":15,"column":8},"end":{"line":15,"column":23}},"7":{"start":{"line":16,"column":8},"end":{"line":16,"column":25}},"8":{"start":{"line":17,"column":8},"end":{"line":19,"column":17}},"9":{"start":{"line":18,"column":10},"end":{"line":18,"column":28}},"10":{"start":{"line":24,"column":22},"end":{"line":29,"column":3}},"11":{"start":{"line":25,"column":4},"end":{"line":28,"column":7}},"12":{"start":{"line":26,"column":6},"end":{"line":26,"column":26}},"13":{"start":{"line":27,"column":6},"end":{"line":27,"column":21}},"14":{"start":{"line":31,"column":2},"end":{"line":59,"column":4}},"15":{"start":{"line":54,"column":55},"end":{"line":54,"column":74}}},"fnMap":{"0":{"name":"(anonymous_0)","decl":{"start":{"line":7,"column":14},"end":{"line":7,"column":15}},"loc":{"start":{"line":7,"column":62},"end":{"line":60,"column":1}},"line":7},"1":{"name":"(anonymous_1)","decl":{"start":{"line":11,"column":26},"end":{"line":11,"column":27}},"loc":{"start":{"line":11,"column":32},"end":{"line":22,"column":3}},"line":11},"2":{"name":"(anonymous_2)","decl":{"start":{"line":13,"column":6},"end":{"line":13,"column":7}},"loc":{"start":{"line":13,"column":20},"end":{"line":20,"column":7}},"line":13},"3":{"name":"(anonymous_3)","decl":{"start":{"line":17,"column":19},"end":{"line":17,"column":20}},"loc":{"start":{"line":17,"column":25},"end":{"line":19,"column":9}},"line":17},"4":{"name":"(anonymous_4)","decl":{"start":{"line":24,"column":22},"end":{"line":24,"column":23}},"loc":{"start":{"line":24,"column":28},"end":{"line":29,"column":3}},"line":24},"5":{"name":"(anonymous_5)","decl":{"start":{"line":25,"column":54},"end":{"line":25,"column":55}},"loc":{"start":{"line":25,"column":68},"end":{"line":28,"column":5}},"line":25},"6":{"name":"(anonymous_6)","decl":{"start":{"line":54,"column":49},"end":{"line":54,"column":50}},"loc":{"start":{"line":54,"column":55},"end":{"line":54,"column":74}},"line":54}},"branchMap":{"0":{"loc":{"start":{"line":43,"column":13},"end":{"line":43,"column":68}},"type":"cond-expr","locations":[{"start":{"line":43,"column":31},"end":{"line":43,"column":47}},{"start":{"line":43,"column":50},"end":{"line":43,"column":68}}],"line":43},"1":{"loc":{"start":{"line":45,"column":11},"end":{"line":49,"column":11}},"type":"binary-expr","locations":[{"start":{"line":45,"column":11},"end":{"line":45,"column":18}},{"start":{"line":46,"column":12},"end":{"line":48,"column":18}}],"line":45}},"s":{"0":1,"1":0,"2":0,"3":0,"4":0,"5":0,"6":0,"7":0,"8":0,"9":0,"10":0,"11":0,"12":0,"13":0,"14":0,"15":0},"f":{"0":0,"1":0,"2":0,"3":0,"4":0,"5":0,"6":0},"b":{"0":[0,0],"1":[0,0]},"_coverageSchema":"1a1c01bbd47fc00a2c39e90264f33305004495a9","hash":"9ca2676b264d59a26077f72613fbaefaaaf4e921"}
,"/Users/theresebataclan/Desktop/Projects/repertoire/client/src/components/Search/Search.jsx": {"path":"/Users/theresebataclan/Desktop/Projects/repertoire/client/src/components/Search/Search.jsx","statementMap":{"0":{"start":{"line":3,"column":15},"end":{"line":21,"column":1}},"1":{"start":{"line":4,"column":2},"end":{"line":20,"column":4}},"2":{"start":{"line":9,"column":25},"end":{"line":9,"column":55}},"3":{"start":{"line":10,"column":25},"end":{"line":10,"column":50}}},"fnMap":{"0":{"name":"(anonymous_0)","decl":{"start":{"line":3,"column":15},"end":{"line":3,"column":16}},"loc":{"start":{"line":3,"column":61},"end":{"line":21,"column":1}},"line":3},"1":{"name":"(anonymous_1)","decl":{"start":{"line":9,"column":18},"end":{"line":9,"column":19}},"loc":{"start":{"line":9,"column":25},"end":{"line":9,"column":55}},"line":9},"2":{"name":"(anonymous_2)","decl":{"start":{"line":10,"column":17},"end":{"line":10,"column":18}},"loc":{"start":{"line":10,"column":25},"end":{"line":10,"column":50}},"line":10}},"branchMap":{},"s":{"0":3,"1":2,"2":0,"3":0},"f":{"0":2,"1":0,"2":0},"b":{},"_coverageSchema":"1a1c01bbd47fc00a2c39e90264f33305004495a9","hash":"ed667ee1631c4531e22109ab6270bb6261622726"}
,"/Users/theresebataclan/Desktop/Projects/repertoire/client/src/components/SignIn/SignIn.jsx": {"path":"/Users/theresebataclan/Desktop/Projects/repertoire/client/src/components/SignIn/SignIn.jsx","statementMap":{"0":{"start":{"line":5,"column":15},"end":{"line":96,"column":1}},"1":{"start":{"line":14,"column":28},"end":{"line":14,"column":40}},"2":{"start":{"line":15,"column":34},"end":{"line":15,"column":46}},"3":{"start":{"line":17,"column":2},"end":{"line":25,"column":17}},"4":{"start":{"line":18,"column":4},"end":{"line":24,"column":5}},"5":{"start":{"line":19,"column":6},"end":{"line":19,"column":27}},"6":{"start":{"line":20,"column":6},"end":{"line":20,"column":24}},"7":{"start":{"line":21,"column":6},"end":{"line":23,"column":9}},"8":{"start":{"line":22,"column":8},"end":{"line":22,"column":24}},"9":{"start":{"line":27,"column":23},"end":{"line":30,"column":3}},"10":{"start":{"line":28,"column":4},"end":{"line":28,"column":23}},"11":{"start":{"line":29,"column":4},"end":{"line":29,"column":23}},"12":{"start":{"line":32,"column":27},"end":{"line":34,"column":3}},"13":{"start":{"line":33,"column":4},"end":{"line":33,"column":24}},"14":{"start":{"line":36,"column":2},"end":{"line":95,"column":4}},"15":{"start":{"line":43,"column":27},"end":{"line":43,"column":51}},"16":{"start":{"line":51,"column":27},"end":{"line":51,"column":54}}},"fnMap":{"0":{"name":"(anonymous_0)","decl":{"start":{"line":5,"column":15},"end":{"line":5,"column":16}},"loc":{"start":{"line":13,"column":6},"end":{"line":96,"column":1}},"line":13},"1":{"name":"(anonymous_1)","decl":{"start":{"line":17,"column":12},"end":{"line":17,"column":13}},"loc":{"start":{"line":17,"column":18},"end":{"line":25,"column":3}},"line":17},"2":{"name":"(anonymous_2)","decl":{"start":{"line":21,"column":30},"end":{"line":21,"column":31}},"loc":{"start":{"line":21,"column":41},"end":{"line":23,"column":7}},"line":21},"3":{"name":"(anonymous_3)","decl":{"start":{"line":27,"column":23},"end":{"line":27,"column":24}},"loc":{"start":{"line":27,"column":30},"end":{"line":30,"column":3}},"line":27},"4":{"name":"(anonymous_4)","decl":{"start":{"line":32,"column":27},"end":{"line":32,"column":28}},"loc":{"start":{"line":32,"column":33},"end":{"line":34,"column":3}},"line":32},"5":{"name":"(anonymous_5)","decl":{"start":{"line":43,"column":20},"end":{"line":43,"column":21}},"loc":{"start":{"line":43,"column":27},"end":{"line":43,"column":51}},"line":43},"6":{"name":"(anonymous_6)","decl":{"start":{"line":51,"column":20},"end":{"line":51,"column":21}},"loc":{"start":{"line":51,"column":27},"end":{"line":51,"column":54}},"line":51}},"branchMap":{"0":{"loc":{"start":{"line":18,"column":4},"end":{"line":24,"column":5}},"type":"if","locations":[{"start":{"line":18,"column":4},"end":{"line":24,"column":5}},{"start":{},"end":{}}],"line":18}},"s":{"0":1,"1":4,"2":4,"3":4,"4":4,"5":1,"6":1,"7":1,"8":0,"9":4,"10":1,"11":1,"12":4,"13":1,"14":4,"15":0,"16":0},"f":{"0":4,"1":4,"2":0,"3":1,"4":1,"5":0,"6":0},"b":{"0":[1,3]},"_coverageSchema":"1a1c01bbd47fc00a2c39e90264f33305004495a9","hash":"5c44897aa6c7bdf5215707ef798dc6f4894a3677"}
,"/Users/theresebataclan/Desktop/Projects/repertoire/client/src/components/SongCard/SongCard.jsx": {"path":"/Users/theresebataclan/Desktop/Projects/repertoire/client/src/components/SongCard/SongCard.jsx","statementMap":{"0":{"start":{"line":6,"column":17},"end":{"line":32,"column":1}},"1":{"start":{"line":7,"column":28},"end":{"line":7,"column":40}},"2":{"start":{"line":8,"column":36},"end":{"line":8,"column":51}},"3":{"start":{"line":10,"column":2},"end":{"line":31,"column":4}},"4":{"start":{"line":15,"column":32},"end":{"line":15,"column":50}}},"fnMap":{"0":{"name":"(anonymous_0)","decl":{"start":{"line":6,"column":17},"end":{"line":6,"column":18}},"loc":{"start":{"line":6,"column":64},"end":{"line":32,"column":1}},"line":6},"1":{"name":"(anonymous_1)","decl":{"start":{"line":15,"column":26},"end":{"line":15,"column":27}},"loc":{"start":{"line":15,"column":32},"end":{"line":15,"column":50}},"line":15}},"branchMap":{"0":{"loc":{"start":{"line":12,"column":7},"end":{"line":29,"column":7}},"type":"binary-expr","locations":[{"start":{"line":12,"column":7},"end":{"line":12,"column":11}},{"start":{"line":13,"column":8},"end":{"line":28,"column":14}}],"line":12},"1":{"loc":{"start":{"line":14,"column":11},"end":{"line":27,"column":11}},"type":"cond-expr","locations":[{"start":{"line":15,"column":12},"end":{"line":18,"column":18}},{"start":{"line":20,"column":12},"end":{"line":26,"column":14}}],"line":14},"2":{"loc":{"start":{"line":17,"column":15},"end":{"line":17,"column":52}},"type":"binary-expr","locations":[{"start":{"line":17,"column":15},"end":{"line":17,"column":29}},{"start":{"line":17,"column":33},"end":{"line":17,"column":52}}],"line":17}},"s":{"0":1,"1":0,"2":0,"3":0,"4":0},"f":{"0":0,"1":0},"b":{"0":[0,0],"1":[0,0],"2":[0,0]},"_coverageSchema":"1a1c01bbd47fc00a2c39e90264f33305004495a9","hash":"90ca558e9fa98dacb899b4ccd872aaa3ab1657c7"}
,"/Users/theresebataclan/Desktop/Projects/repertoire/client/src/components/SongList/SongList.jsx": {"path":"/Users/theresebataclan/Desktop/Projects/repertoire/client/src/components/SongList/SongList.jsx","statementMap":{"0":{"start":{"line":8,"column":17},"end":{"line":52,"column":1}},"1":{"start":{"line":17,"column":28},"end":{"line":17,"column":40}},"2":{"start":{"line":18,"column":36},"end":{"line":18,"column":51}},"3":{"start":{"line":19,"column":28},"end":{"line":19,"column":40}},"4":{"start":{"line":21,"column":2},"end":{"line":51,"column":4}},"5":{"start":{"line":26,"column":25},"end":{"line":26,"column":42}},"6":{"start":{"line":40,"column":12},"end":{"line":46,"column":14}}},"fnMap":{"0":{"name":"(anonymous_0)","decl":{"start":{"line":8,"column":17},"end":{"line":8,"column":18}},"loc":{"start":{"line":16,"column":6},"end":{"line":52,"column":1}},"line":16},"1":{"name":"(anonymous_1)","decl":{"start":{"line":26,"column":19},"end":{"line":26,"column":20}},"loc":{"start":{"line":26,"column":25},"end":{"line":26,"column":42}},"line":26},"2":{"name":"(anonymous_2)","decl":{"start":{"line":39,"column":21},"end":{"line":39,"column":22}},"loc":{"start":{"line":40,"column":12},"end":{"line":46,"column":14}},"line":40}},"branchMap":{"0":{"loc":{"start":{"line":37,"column":7},"end":{"line":49,"column":7}},"type":"binary-expr","locations":[{"start":{"line":37,"column":7},"end":{"line":37,"column":23}},{"start":{"line":38,"column":8},"end":{"line":48,"column":14}}],"line":37}},"s":{"0":1,"1":1,"2":1,"3":1,"4":1,"5":0,"6":0},"f":{"0":1,"1":0,"2":0},"b":{"0":[1,0]},"_coverageSchema":"1a1c01bbd47fc00a2c39e90264f33305004495a9","hash":"88e45f7da2c86478c9c8510f6789e9ccbd50858a"}
}
